<?xml version="1.0" encoding="UTF-8"?>
<!-- Generated by org.testng.reporters.JUnitReportReporter -->
<testsuite hostname="LIN76005220" failures="0" tests="1" name="execution.logintotheApp" time="19.158" errors="0" timestamp="2024-05-19T16:39:25 IST" skipped="0">
  <testcase classname="execution.logintotheApp" name="execute" time="19.158"/>
</testsuite> <!-- execution.logintotheApp -->
